2025-12-03T20:00:02: 🚀 Starting Email IDLE Worker...
2025-12-03T20:00:03: 📧 Found 1 active email accounts
2025-12-03T20:00:03: 🔌 Starting IDLE for dan@adlercapital.us...
2025-12-03T20:00:04: ✅ Connected to IMAP for dan@adlercapital.us
2025-12-03T20:00:04: ⏸️ Starting IDLE for dan@adlercapital.us
2025-12-03T20:00:06: ✅ Email IDLE Worker started successfully
2025-12-03T20:00:09: ⏸️ Starting IDLE for dan@adlercapital.us
2025-12-03T20:00:14: ⏸️ Starting IDLE for dan@adlercapital.us
2025-12-03T20:00:19: ⏸️ Starting IDLE for dan@adlercapital.us
2025-12-03T20:00:24: ⏸️ Starting IDLE for dan@adlercapital.us
2025-12-03T20:00:29: ⏸️ Starting IDLE for dan@adlercapital.us
2025-12-03T20:00:34: ⏸️ Starting IDLE for dan@adlercapital.us
2025-12-03T20:00:39: ⏸️ Starting IDLE for dan@adlercapital.us
2025-12-03T20:00:44: ⏸️ Starting IDLE for dan@adlercapital.us
2025-12-03T20:00:49: ⏸️ Starting IDLE for dan@adlercapital.us
2025-12-03T20:00:54: ⏸️ Starting IDLE for dan@adlercapital.us
2025-12-03T20:00:59: ⏸️ Starting IDLE for dan@adlercapital.us
2025-12-03T20:01:04: ⏸️ Starting IDLE for dan@adlercapital.us
2025-12-03T20:01:09: ⏸️ Starting IDLE for dan@adlercapital.us
2025-12-03T20:01:14: ⏸️ Starting IDLE for dan@adlercapital.us
2025-12-03T20:01:19: ⏸️ Starting IDLE for dan@adlercapital.us
2025-12-03T20:01:24: ⏸️ Starting IDLE for dan@adlercapital.us
2025-12-03T20:01:29: ⏸️ Starting IDLE for dan@adlercapital.us
2025-12-03T20:01:34: ⏸️ Starting IDLE for dan@adlercapital.us
2025-12-03T20:01:39: ⏸️ Starting IDLE for dan@adlercapital.us
2025-12-03T20:01:44: ⏸️ Starting IDLE for dan@adlercapital.us
2025-12-03T20:01:49: ⏸️ Starting IDLE for dan@adlercapital.us
2025-12-03T20:01:54: ⏸️ Starting IDLE for dan@adlercapital.us
2025-12-03T20:01:59: ⏸️ Starting IDLE for dan@adlercapital.us
2025-12-03T20:02:04: ⏸️ Starting IDLE for dan@adlercapital.us
2025-12-03T20:02:09: ⏸️ Starting IDLE for dan@adlercapital.us
2025-12-03T20:02:14: ⏸️ Starting IDLE for dan@adlercapital.us
2025-12-03T20:02:19: ⏸️ Starting IDLE for dan@adlercapital.us
2025-12-03T20:02:24: ⏸️ Starting IDLE for dan@adlercapital.us
2025-12-03T20:02:29: ⏸️ Starting IDLE for dan@adlercapital.us
2025-12-03T20:02:34: ⏸️ Starting IDLE for dan@adlercapital.us
2025-12-03T20:02:39: ⏸️ Starting IDLE for dan@adlercapital.us
2025-12-03T20:02:44: ⏸️ Starting IDLE for dan@adlercapital.us
2025-12-03T20:02:49: ⏸️ Starting IDLE for dan@adlercapital.us
2025-12-03T20:02:54: ⏸️ Starting IDLE for dan@adlercapital.us
2025-12-03T20:02:59: ⏸️ Starting IDLE for dan@adlercapital.us
2025-12-03T20:03:04: ⏸️ Starting IDLE for dan@adlercapital.us
2025-12-03T20:03:09: ⏸️ Starting IDLE for dan@adlercapital.us
2025-12-03T20:03:14: ⏸️ Starting IDLE for dan@adlercapital.us
2025-12-03T20:03:19: ⏸️ Starting IDLE for dan@adlercapital.us
2025-12-03T20:03:24: ⏸️ Starting IDLE for dan@adlercapital.us
2025-12-03T20:03:29: ⏸️ Starting IDLE for dan@adlercapital.us
2025-12-03T20:03:34: ⏸️ Starting IDLE for dan@adlercapital.us
2025-12-03T20:03:39: ⏸️ Starting IDLE for dan@adlercapital.us
2025-12-03T20:03:44: ⏸️ Starting IDLE for dan@adlercapital.us
2025-12-03T20:03:49: ⏸️ Starting IDLE for dan@adlercapital.us
2025-12-03T20:03:54: ⏸️ Starting IDLE for dan@adlercapital.us
2025-12-03T20:03:59: ⏸️ Starting IDLE for dan@adlercapital.us
2025-12-03T20:04:04: ⏸️ Starting IDLE for dan@adlercapital.us
2025-12-03T20:04:09: ⏸️ Starting IDLE for dan@adlercapital.us
2025-12-03T20:04:14: ⏸️ Starting IDLE for dan@adlercapital.us
2025-12-03T20:04:19: ⏸️ Starting IDLE for dan@adlercapital.us
2025-12-03T20:04:24: ⏸️ Starting IDLE for dan@adlercapital.us
2025-12-03T20:04:29: ⏸️ Starting IDLE for dan@adlercapital.us
2025-12-03T20:04:34: ⏸️ Starting IDLE for dan@adlercapital.us
2025-12-03T20:04:39: ⏸️ Starting IDLE for dan@adlercapital.us
2025-12-03T20:04:44: ⏸️ Starting IDLE for dan@adlercapital.us
2025-12-03T20:04:49: ⏸️ Starting IDLE for dan@adlercapital.us
2025-12-03T20:04:54: ⏸️ Starting IDLE for dan@adlercapital.us
2025-12-03T20:04:59: ⏸️ Starting IDLE for dan@adlercapital.us
2025-12-03T20:05:04: ⏸️ Starting IDLE for dan@adlercapital.us
2025-12-03T20:05:09: ⏸️ Starting IDLE for dan@adlercapital.us
2025-12-03T20:05:14: ⏸️ Starting IDLE for dan@adlercapital.us
2025-12-03T20:05:19: ⏸️ Starting IDLE for dan@adlercapital.us
2025-12-03T20:05:24: ⏸️ Starting IDLE for dan@adlercapital.us
2025-12-03T20:05:29: ⏸️ Starting IDLE for dan@adlercapital.us
2025-12-03T20:05:34: ⏸️ Starting IDLE for dan@adlercapital.us
2025-12-03T20:05:39: ⏸️ Starting IDLE for dan@adlercapital.us
2025-12-03T20:05:44: ⏸️ Starting IDLE for dan@adlercapital.us
2025-12-03T20:05:49: ⏸️ Starting IDLE for dan@adlercapital.us
2025-12-03T20:05:54: ⏸️ Starting IDLE for dan@adlercapital.us
2025-12-03T20:05:59: ⏸️ Starting IDLE for dan@adlercapital.us
2025-12-03T20:06:04: ⏸️ Starting IDLE for dan@adlercapital.us
2025-12-03T20:06:09: ⏸️ Starting IDLE for dan@adlercapital.us
2025-12-03T20:06:14: ⏸️ Starting IDLE for dan@adlercapital.us
2025-12-03T20:06:19: ⏸️ Starting IDLE for dan@adlercapital.us
2025-12-03T20:06:24: ⏸️ Starting IDLE for dan@adlercapital.us
2025-12-03T20:06:29: ⏸️ Starting IDLE for dan@adlercapital.us
2025-12-03T20:06:34: ⏸️ Starting IDLE for dan@adlercapital.us
2025-12-03T20:06:39: ⏸️ Starting IDLE for dan@adlercapital.us
2025-12-03T20:06:44: ⏸️ Starting IDLE for dan@adlercapital.us
2025-12-03T20:06:49: ⏸️ Starting IDLE for dan@adlercapital.us
2025-12-03T20:06:54: ⏸️ Starting IDLE for dan@adlercapital.us
2025-12-03T20:06:59: ⏸️ Starting IDLE for dan@adlercapital.us
2025-12-03T20:07:04: ⏸️ Starting IDLE for dan@adlercapital.us
2025-12-03T20:07:09: ⏸️ Starting IDLE for dan@adlercapital.us
2025-12-03T20:07:14: ⏸️ Starting IDLE for dan@adlercapital.us
2025-12-03T20:07:19: ⏸️ Starting IDLE for dan@adlercapital.us
2025-12-03T20:07:24: ⏸️ Starting IDLE for dan@adlercapital.us
2025-12-03T20:07:29: ⏸️ Starting IDLE for dan@adlercapital.us
2025-12-03T20:07:34: ⏸️ Starting IDLE for dan@adlercapital.us
2025-12-03T20:07:39: ⏸️ Starting IDLE for dan@adlercapital.us
2025-12-03T20:07:44: ⏸️ Starting IDLE for dan@adlercapital.us
2025-12-03T20:07:49: ⏸️ Starting IDLE for dan@adlercapital.us
2025-12-03T20:07:54: ⏸️ Starting IDLE for dan@adlercapital.us
2025-12-03T20:07:59: ⏸️ Starting IDLE for dan@adlercapital.us
2025-12-03T20:08:04: ⏸️ Starting IDLE for dan@adlercapital.us
2025-12-03T20:08:09: ⏸️ Starting IDLE for dan@adlercapital.us
2025-12-03T20:08:14: ⏸️ Starting IDLE for dan@adlercapital.us
2025-12-03T20:08:19: ⏸️ Starting IDLE for dan@adlercapital.us
2025-12-03T20:08:24: ⏸️ Starting IDLE for dan@adlercapital.us
2025-12-03T20:08:29: ⏸️ Starting IDLE for dan@adlercapital.us
2025-12-03T20:08:34: ⏸️ Starting IDLE for dan@adlercapital.us
2025-12-03T20:08:39: ⏸️ Starting IDLE for dan@adlercapital.us
2025-12-03T20:08:44: ⏸️ Starting IDLE for dan@adlercapital.us
2025-12-03T20:08:49: ⏸️ Starting IDLE for dan@adlercapital.us
2025-12-03T20:08:54: ⏸️ Starting IDLE for dan@adlercapital.us
2025-12-03T20:08:59: ⏸️ Starting IDLE for dan@adlercapital.us
2025-12-03T20:09:04: ⏸️ Starting IDLE for dan@adlercapital.us
2025-12-03T20:09:09: ⏸️ Starting IDLE for dan@adlercapital.us
2025-12-03T20:09:14: ⏸️ Starting IDLE for dan@adlercapital.us
2025-12-03T20:09:19: ⏸️ Starting IDLE for dan@adlercapital.us
2025-12-03T20:09:24: ⏸️ Starting IDLE for dan@adlercapital.us
2025-12-03T20:09:29: ⏸️ Starting IDLE for dan@adlercapital.us
2025-12-03T20:09:34: ⏸️ Starting IDLE for dan@adlercapital.us
2025-12-03T20:09:39: ⏸️ Starting IDLE for dan@adlercapital.us
2025-12-03T20:09:44: ⏸️ Starting IDLE for dan@adlercapital.us
2025-12-03T20:09:49: ⏸️ Starting IDLE for dan@adlercapital.us
2025-12-03T20:09:54: ⏸️ Starting IDLE for dan@adlercapital.us
2025-12-03T20:09:59: ⏸️ Starting IDLE for dan@adlercapital.us
2025-12-03T20:10:04: ⏸️ Starting IDLE for dan@adlercapital.us
2025-12-03T20:10:09: ⏸️ Starting IDLE for dan@adlercapital.us
2025-12-03T20:10:14: ⏸️ Starting IDLE for dan@adlercapital.us
2025-12-03T20:10:19: ⏸️ Starting IDLE for dan@adlercapital.us
2025-12-03T20:10:24: ⏸️ Starting IDLE for dan@adlercapital.us
2025-12-03T20:10:29: ⏸️ Starting IDLE for dan@adlercapital.us
2025-12-03T20:10:34: ⏸️ Starting IDLE for dan@adlercapital.us
2025-12-03T20:10:39: ⏸️ Starting IDLE for dan@adlercapital.us
2025-12-03T20:10:44: ⏸️ Starting IDLE for dan@adlercapital.us
2025-12-03T20:10:49: ⏸️ Starting IDLE for dan@adlercapital.us
2025-12-03T20:10:54: ⏸️ Starting IDLE for dan@adlercapital.us
2025-12-03T20:10:59: ⏸️ Starting IDLE for dan@adlercapital.us
2025-12-03T20:11:04: ⏸️ Starting IDLE for dan@adlercapital.us
2025-12-03T20:11:09: ⏸️ Starting IDLE for dan@adlercapital.us
2025-12-03T20:11:14: ⏸️ Starting IDLE for dan@adlercapital.us
2025-12-03T20:11:19: ⏸️ Starting IDLE for dan@adlercapital.us
2025-12-03T20:11:24: ⏸️ Starting IDLE for dan@adlercapital.us
2025-12-03T20:11:29: ⏸️ Starting IDLE for dan@adlercapital.us
2025-12-03T20:11:34: ⏸️ Starting IDLE for dan@adlercapital.us
2025-12-03T20:11:39: ⏸️ Starting IDLE for dan@adlercapital.us
2025-12-03T20:11:44: ⏸️ Starting IDLE for dan@adlercapital.us
2025-12-03T20:11:49: ⏸️ Starting IDLE for dan@adlercapital.us
2025-12-03T20:11:54: ⏸️ Starting IDLE for dan@adlercapital.us
2025-12-03T20:11:59: ⏸️ Starting IDLE for dan@adlercapital.us
2025-12-03T20:12:04: ⏸️ Starting IDLE for dan@adlercapital.us
2025-12-03T20:12:09: ⏸️ Starting IDLE for dan@adlercapital.us
2025-12-03T20:12:14: ⏸️ Starting IDLE for dan@adlercapital.us
2025-12-03T20:12:19: ⏸️ Starting IDLE for dan@adlercapital.us
2025-12-03T20:12:24: ⏸️ Starting IDLE for dan@adlercapital.us
2025-12-03T20:12:29: ⏸️ Starting IDLE for dan@adlercapital.us
2025-12-03T20:12:34: ⏸️ Starting IDLE for dan@adlercapital.us
2025-12-03T20:12:39: ⏸️ Starting IDLE for dan@adlercapital.us
2025-12-03T20:12:44: ⏸️ Starting IDLE for dan@adlercapital.us
2025-12-03T20:12:49: ⏸️ Starting IDLE for dan@adlercapital.us
2025-12-03T20:12:54: ⏸️ Starting IDLE for dan@adlercapital.us
2025-12-03T20:12:59: ⏸️ Starting IDLE for dan@adlercapital.us
2025-12-03T20:13:04: ⏸️ Starting IDLE for dan@adlercapital.us
2025-12-03T20:13:09: ⏸️ Starting IDLE for dan@adlercapital.us
2025-12-03T20:13:14: ⏸️ Starting IDLE for dan@adlercapital.us
2025-12-03T20:13:19: ⏸️ Starting IDLE for dan@adlercapital.us
2025-12-03T20:13:24: ⏸️ Starting IDLE for dan@adlercapital.us
2025-12-03T20:13:29: ⏸️ Starting IDLE for dan@adlercapital.us
2025-12-03T20:13:34: ⏸️ Starting IDLE for dan@adlercapital.us
2025-12-03T20:13:40: ⏸️ Starting IDLE for dan@adlercapital.us
2025-12-03T20:13:45: ⏸️ Starting IDLE for dan@adlercapital.us
2025-12-03T20:13:50: ⏸️ Starting IDLE for dan@adlercapital.us
2025-12-03T20:13:55: ⏸️ Starting IDLE for dan@adlercapital.us
2025-12-03T20:14:00: ⏸️ Starting IDLE for dan@adlercapital.us
2025-12-03T20:14:05: ⏸️ Starting IDLE for dan@adlercapital.us
2025-12-03T20:14:10: ⏸️ Starting IDLE for dan@adlercapital.us
2025-12-03T20:14:15: ⏸️ Starting IDLE for dan@adlercapital.us
2025-12-03T20:14:20: ⏸️ Starting IDLE for dan@adlercapital.us
2025-12-03T20:14:25: ⏸️ Starting IDLE for dan@adlercapital.us
2025-12-03T20:14:30: ⏸️ Starting IDLE for dan@adlercapital.us
2025-12-03T20:14:35: ⏸️ Starting IDLE for dan@adlercapital.us
2025-12-03T20:14:40: ⏸️ Starting IDLE for dan@adlercapital.us
2025-12-03T20:14:45: ⏸️ Starting IDLE for dan@adlercapital.us
2025-12-03T20:14:56: 🔌 Starting IDLE for dan@adlercapital.us...
2025-12-03T20:14:57: ✅ Connected to IMAP for dan@adlercapital.us
2025-12-03T20:14:57: ⏸️ Starting IDLE for dan@adlercapital.us
2025-12-03T20:15:02: ⏸️ Starting IDLE for dan@adlercapital.us
2025-12-03T20:15:07: ⏸️ Starting IDLE for dan@adlercapital.us
2025-12-03T20:15:12: ⏸️ Starting IDLE for dan@adlercapital.us
2025-12-03T20:15:17: ⏸️ Starting IDLE for dan@adlercapital.us
2025-12-03T20:15:22: ⏸️ Starting IDLE for dan@adlercapital.us
2025-12-03T20:15:27: ⏸️ Starting IDLE for dan@adlercapital.us
2025-12-03T20:15:32: ⏸️ Starting IDLE for dan@adlercapital.us
2025-12-03T20:15:37: ⏸️ Starting IDLE for dan@adlercapital.us
2025-12-03T20:15:42: ⏸️ Starting IDLE for dan@adlercapital.us
2025-12-03T20:15:47: ⏸️ Starting IDLE for dan@adlercapital.us
2025-12-03T20:15:52: ⏸️ Starting IDLE for dan@adlercapital.us
2025-12-03T20:15:57: ⏸️ Starting IDLE for dan@adlercapital.us
2025-12-03T20:16:02: ⏸️ Starting IDLE for dan@adlercapital.us
2025-12-03T20:16:07: ⏸️ Starting IDLE for dan@adlercapital.us
2025-12-03T20:16:12: ⏸️ Starting IDLE for dan@adlercapital.us
2025-12-03T20:16:17: ⏸️ Starting IDLE for dan@adlercapital.us
2025-12-03T20:16:22: ⏸️ Starting IDLE for dan@adlercapital.us
2025-12-03T20:16:27: ⏸️ Starting IDLE for dan@adlercapital.us
2025-12-03T20:16:32: ⏸️ Starting IDLE for dan@adlercapital.us
2025-12-03T20:16:37: ⏸️ Starting IDLE for dan@adlercapital.us
2025-12-03T20:16:42: ⏸️ Starting IDLE for dan@adlercapital.us
2025-12-03T20:16:47: ⏸️ Starting IDLE for dan@adlercapital.us
2025-12-03T20:16:52: ⏸️ Starting IDLE for dan@adlercapital.us
2025-12-03T20:16:57: ⏸️ Starting IDLE for dan@adlercapital.us
2025-12-03T20:17:02: ⏸️ Starting IDLE for dan@adlercapital.us
2025-12-03T20:17:07: ⏸️ Starting IDLE for dan@adlercapital.us
2025-12-03T20:17:12: ⏸️ Starting IDLE for dan@adlercapital.us
2025-12-03T20:17:17: ⏸️ Starting IDLE for dan@adlercapital.us
2025-12-03T20:17:22: ⏸️ Starting IDLE for dan@adlercapital.us
2025-12-03T20:17:27: ⏸️ Starting IDLE for dan@adlercapital.us
2025-12-03T20:17:32: ⏸️ Starting IDLE for dan@adlercapital.us
2025-12-03T20:17:37: ⏸️ Starting IDLE for dan@adlercapital.us
2025-12-03T20:17:42: ⏸️ Starting IDLE for dan@adlercapital.us
2025-12-03T20:17:47: ⏸️ Starting IDLE for dan@adlercapital.us
2025-12-03T20:17:52: ⏸️ Starting IDLE for dan@adlercapital.us
2025-12-03T20:17:57: ⏸️ Starting IDLE for dan@adlercapital.us
2025-12-03T20:18:02: ⏸️ Starting IDLE for dan@adlercapital.us
2025-12-03T20:18:08: ⏸️ Starting IDLE for dan@adlercapital.us
2025-12-03T20:18:13: ⏸️ Starting IDLE for dan@adlercapital.us
2025-12-03T20:18:18: ⏸️ Starting IDLE for dan@adlercapital.us
2025-12-03T20:18:23: ⏸️ Starting IDLE for dan@adlercapital.us
2025-12-03T20:18:28: ⏸️ Starting IDLE for dan@adlercapital.us
2025-12-03T20:18:33: ⏸️ Starting IDLE for dan@adlercapital.us
2025-12-03T20:18:38: ⏸️ Starting IDLE for dan@adlercapital.us
2025-12-03T20:18:43: ⏸️ Starting IDLE for dan@adlercapital.us
2025-12-03T20:18:48: ⏸️ Starting IDLE for dan@adlercapital.us
2025-12-03T20:18:53: ⏸️ Starting IDLE for dan@adlercapital.us
2025-12-03T20:18:58: ⏸️ Starting IDLE for dan@adlercapital.us
2025-12-03T20:19:03: ⏸️ Starting IDLE for dan@adlercapital.us
2025-12-03T20:19:08: ⏸️ Starting IDLE for dan@adlercapital.us
2025-12-03T20:19:13: ⏸️ Starting IDLE for dan@adlercapital.us
2025-12-03T20:19:18: ⏸️ Starting IDLE for dan@adlercapital.us
2025-12-03T20:19:23: ⏸️ Starting IDLE for dan@adlercapital.us
2025-12-03T20:19:28: ⏸️ Starting IDLE for dan@adlercapital.us
2025-12-03T20:19:33: ⏸️ Starting IDLE for dan@adlercapital.us
2025-12-03T20:19:38: ⏸️ Starting IDLE for dan@adlercapital.us
2025-12-03T20:19:43: ⏸️ Starting IDLE for dan@adlercapital.us
2025-12-03T20:19:48: ⏸️ Starting IDLE for dan@adlercapital.us
2025-12-03T20:19:53: ⏸️ Starting IDLE for dan@adlercapital.us
2025-12-03T20:19:58: ⏸️ Starting IDLE for dan@adlercapital.us
2025-12-03T20:20:03: ⏸️ Starting IDLE for dan@adlercapital.us
2025-12-03T20:20:08: ⏸️ Starting IDLE for dan@adlercapital.us
2025-12-03T20:20:13: ⏸️ Starting IDLE for dan@adlercapital.us
2025-12-03T20:20:18: ⏸️ Starting IDLE for dan@adlercapital.us
2025-12-03T20:20:23: ⏸️ Starting IDLE for dan@adlercapital.us
2025-12-03T20:20:28: ⏸️ Starting IDLE for dan@adlercapital.us
2025-12-03T20:20:33: ⏸️ Starting IDLE for dan@adlercapital.us
2025-12-03T20:20:38: ⏸️ Starting IDLE for dan@adlercapital.us
2025-12-03T20:20:43: ⏸️ Starting IDLE for dan@adlercapital.us
2025-12-03T20:20:48: ⏸️ Starting IDLE for dan@adlercapital.us
2025-12-03T20:20:53: ⏸️ Starting IDLE for dan@adlercapital.us
2025-12-03T20:20:58: ⏸️ Starting IDLE for dan@adlercapital.us
2025-12-03T20:21:03: ⏸️ Starting IDLE for dan@adlercapital.us
2025-12-03T20:21:08: ⏸️ Starting IDLE for dan@adlercapital.us
2025-12-03T20:21:13: ⏸️ Starting IDLE for dan@adlercapital.us
2025-12-03T20:21:18: ⏸️ Starting IDLE for dan@adlercapital.us
2025-12-03T20:21:23: ⏸️ Starting IDLE for dan@adlercapital.us
2025-12-03T20:21:28: ⏸️ Starting IDLE for dan@adlercapital.us
2025-12-03T20:21:33: ⏸️ Starting IDLE for dan@adlercapital.us
2025-12-03T20:21:38: ⏸️ Starting IDLE for dan@adlercapital.us
2025-12-03T20:21:43: ⏸️ Starting IDLE for dan@adlercapital.us
2025-12-03T20:21:48: ⏸️ Starting IDLE for dan@adlercapital.us
2025-12-03T20:21:53: ⏸️ Starting IDLE for dan@adlercapital.us
2025-12-03T20:21:58: ⏸️ Starting IDLE for dan@adlercapital.us
2025-12-03T20:22:03: ⏸️ Starting IDLE for dan@adlercapital.us
2025-12-03T20:22:08: ⏸️ Starting IDLE for dan@adlercapital.us
2025-12-03T20:22:13: ⏸️ Starting IDLE for dan@adlercapital.us
2025-12-03T20:22:18: ⏸️ Starting IDLE for dan@adlercapital.us
2025-12-03T20:22:23: ⏸️ Starting IDLE for dan@adlercapital.us
2025-12-03T20:22:28: ⏸️ Starting IDLE for dan@adlercapital.us
2025-12-03T20:22:33: ⏸️ Starting IDLE for dan@adlercapital.us
2025-12-03T20:22:38: ⏸️ Starting IDLE for dan@adlercapital.us
2025-12-03T20:22:43: ⏸️ Starting IDLE for dan@adlercapital.us
2025-12-03T20:22:48: ⏸️ Starting IDLE for dan@adlercapital.us
2025-12-03T20:22:53: ⏸️ Starting IDLE for dan@adlercapital.us
2025-12-03T20:22:58: ⏸️ Starting IDLE for dan@adlercapital.us
2025-12-03T20:23:03: ⏸️ Starting IDLE for dan@adlercapital.us
2025-12-03T20:23:08: ⏸️ Starting IDLE for dan@adlercapital.us
2025-12-03T20:23:13: ⏸️ Starting IDLE for dan@adlercapital.us
2025-12-03T20:23:18: ⏸️ Starting IDLE for dan@adlercapital.us
2025-12-03T20:23:23: ⏸️ Starting IDLE for dan@adlercapital.us
2025-12-03T20:23:28: ⏸️ Starting IDLE for dan@adlercapital.us
2025-12-03T20:23:33: ⏸️ Starting IDLE for dan@adlercapital.us
2025-12-03T20:23:38: ⏸️ Starting IDLE for dan@adlercapital.us
2025-12-03T20:23:43: ⏸️ Starting IDLE for dan@adlercapital.us
2025-12-03T20:23:48: ⏸️ Starting IDLE for dan@adlercapital.us
2025-12-03T20:23:53: ⏸️ Starting IDLE for dan@adlercapital.us
2025-12-03T20:23:58: ⏸️ Starting IDLE for dan@adlercapital.us
2025-12-03T20:24:03: ⏸️ Starting IDLE for dan@adlercapital.us
2025-12-03T20:24:08: ⏸️ Starting IDLE for dan@adlercapital.us
2025-12-03T20:24:13: ⏸️ Starting IDLE for dan@adlercapital.us
2025-12-03T20:24:18: ⏸️ Starting IDLE for dan@adlercapital.us
2025-12-03T20:24:23: ⏸️ Starting IDLE for dan@adlercapital.us
2025-12-03T20:24:28: ⏸️ Starting IDLE for dan@adlercapital.us
2025-12-03T20:24:33: ⏸️ Starting IDLE for dan@adlercapital.us
2025-12-03T20:24:38: ⏸️ Starting IDLE for dan@adlercapital.us
2025-12-03T20:24:43: ⏸️ Starting IDLE for dan@adlercapital.us
2025-12-03T20:24:48: ⏸️ Starting IDLE for dan@adlercapital.us
2025-12-03T20:24:53: ⏸️ Starting IDLE for dan@adlercapital.us
2025-12-03T20:24:58: ⏸️ Starting IDLE for dan@adlercapital.us
2025-12-03T20:25:03: ⏸️ Starting IDLE for dan@adlercapital.us
2025-12-03T20:25:08: ⏸️ Starting IDLE for dan@adlercapital.us
2025-12-03T20:25:13: ⏸️ Starting IDLE for dan@adlercapital.us
2025-12-03T20:25:18: ⏸️ Starting IDLE for dan@adlercapital.us
2025-12-03T20:25:23: ⏸️ Starting IDLE for dan@adlercapital.us
2025-12-03T20:25:28: ⏸️ Starting IDLE for dan@adlercapital.us
2025-12-03T20:25:33: ⏸️ Starting IDLE for dan@adlercapital.us
2025-12-03T20:25:38: ⏸️ Starting IDLE for dan@adlercapital.us
2025-12-03T20:25:43: ⏸️ Starting IDLE for dan@adlercapital.us
2025-12-03T20:25:48: ⏸️ Starting IDLE for dan@adlercapital.us
2025-12-03T20:25:53: ⏸️ Starting IDLE for dan@adlercapital.us
2025-12-03T20:25:58: ⏸️ Starting IDLE for dan@adlercapital.us
2025-12-03T20:26:03: ⏸️ Starting IDLE for dan@adlercapital.us
2025-12-03T20:26:08: ⏸️ Starting IDLE for dan@adlercapital.us
2025-12-03T20:26:13: ⏸️ Starting IDLE for dan@adlercapital.us
2025-12-03T20:26:18: ⏸️ Starting IDLE for dan@adlercapital.us
2025-12-03T20:26:23: ⏸️ Starting IDLE for dan@adlercapital.us
2025-12-03T20:26:28: ⏸️ Starting IDLE for dan@adlercapital.us
2025-12-03T20:26:33: ⏸️ Starting IDLE for dan@adlercapital.us
2025-12-03T20:26:38: ⏸️ Starting IDLE for dan@adlercapital.us
2025-12-03T20:26:43: ⏸️ Starting IDLE for dan@adlercapital.us
2025-12-03T20:26:48: ⏸️ Starting IDLE for dan@adlercapital.us
2025-12-03T20:26:53: ⏸️ Starting IDLE for dan@adlercapital.us
2025-12-03T20:26:58: ⏸️ Starting IDLE for dan@adlercapital.us
2025-12-03T20:27:03: ⏸️ Starting IDLE for dan@adlercapital.us
2025-12-03T20:27:08: ⏸️ Starting IDLE for dan@adlercapital.us
2025-12-03T20:27:13: ⏸️ Starting IDLE for dan@adlercapital.us
2025-12-03T20:27:18: ⏸️ Starting IDLE for dan@adlercapital.us
2025-12-03T20:27:23: ⏸️ Starting IDLE for dan@adlercapital.us
2025-12-03T20:27:28: ⏸️ Starting IDLE for dan@adlercapital.us
2025-12-03T20:27:33: ⏸️ Starting IDLE for dan@adlercapital.us
2025-12-03T20:27:38: ⏸️ Starting IDLE for dan@adlercapital.us
2025-12-03T20:27:43: ⏸️ Starting IDLE for dan@adlercapital.us
2025-12-03T20:27:48: ⏸️ Starting IDLE for dan@adlercapital.us
2025-12-03T20:27:53: ⏸️ Starting IDLE for dan@adlercapital.us
2025-12-03T20:27:58: ⏸️ Starting IDLE for dan@adlercapital.us
2025-12-03T20:28:03: ⏸️ Starting IDLE for dan@adlercapital.us
2025-12-03T20:28:08: ⏸️ Starting IDLE for dan@adlercapital.us
2025-12-03T20:28:13: ⏸️ Starting IDLE for dan@adlercapital.us
2025-12-03T20:28:18: ⏸️ Starting IDLE for dan@adlercapital.us
2025-12-03T20:28:23: ⏸️ Starting IDLE for dan@adlercapital.us
2025-12-03T20:28:28: ⏸️ Starting IDLE for dan@adlercapital.us
2025-12-03T20:28:33: ⏸️ Starting IDLE for dan@adlercapital.us
2025-12-03T20:28:38: ⏸️ Starting IDLE for dan@adlercapital.us
2025-12-03T20:28:43: ⏸️ Starting IDLE for dan@adlercapital.us
2025-12-03T20:28:48: ⏸️ Starting IDLE for dan@adlercapital.us
2025-12-03T20:28:53: ⏸️ Starting IDLE for dan@adlercapital.us
2025-12-03T20:28:58: ⏸️ Starting IDLE for dan@adlercapital.us
2025-12-03T20:29:03: ⏸️ Starting IDLE for dan@adlercapital.us
2025-12-03T20:29:08: ⏸️ Starting IDLE for dan@adlercapital.us
2025-12-03T20:29:13: ⏸️ Starting IDLE for dan@adlercapital.us
2025-12-03T20:29:18: ⏸️ Starting IDLE for dan@adlercapital.us
2025-12-03T20:29:23: ⏸️ Starting IDLE for dan@adlercapital.us
2025-12-03T20:29:28: ⏸️ Starting IDLE for dan@adlercapital.us
2025-12-03T20:29:33: ⏸️ Starting IDLE for dan@adlercapital.us
2025-12-03T20:29:38: ⏸️ Starting IDLE for dan@adlercapital.us
2025-12-03T20:29:43: ⏸️ Starting IDLE for dan@adlercapital.us
2025-12-03T20:29:48: ⏸️ Starting IDLE for dan@adlercapital.us
2025-12-03T20:29:53: ⏸️ Starting IDLE for dan@adlercapital.us
2025-12-03T20:29:58: ⏸️ Starting IDLE for dan@adlercapital.us
2025-12-03T20:30:03: ⏸️ Starting IDLE for dan@adlercapital.us
2025-12-03T20:30:08: ⏸️ Starting IDLE for dan@adlercapital.us
2025-12-03T20:30:13: ⏸️ Starting IDLE for dan@adlercapital.us
2025-12-03T20:30:18: ⏸️ Starting IDLE for dan@adlercapital.us
2025-12-03T20:30:23: ⏸️ Starting IDLE for dan@adlercapital.us
2025-12-03T20:30:28: ⏸️ Starting IDLE for dan@adlercapital.us
2025-12-03T20:30:33: ⏸️ Starting IDLE for dan@adlercapital.us
2025-12-03T20:30:38: ⏸️ Starting IDLE for dan@adlercapital.us
2025-12-03T20:30:43: ⏸️ Starting IDLE for dan@adlercapital.us
2025-12-03T20:30:48: ⏸️ Starting IDLE for dan@adlercapital.us
2025-12-03T20:30:53: ⏸️ Starting IDLE for dan@adlercapital.us
2025-12-03T20:30:58: ⏸️ Starting IDLE for dan@adlercapital.us
2025-12-03T20:31:03: ⏸️ Starting IDLE for dan@adlercapital.us
2025-12-03T20:31:08: ⏸️ Starting IDLE for dan@adlercapital.us
2025-12-03T20:31:13: ⏸️ Starting IDLE for dan@adlercapital.us
2025-12-03T20:31:18: ⏸️ Starting IDLE for dan@adlercapital.us
2025-12-03T20:31:23: ⏸️ Starting IDLE for dan@adlercapital.us
2025-12-03T20:31:28: ⏸️ Starting IDLE for dan@adlercapital.us
2025-12-03T20:31:33: ⏸️ Starting IDLE for dan@adlercapital.us
2025-12-03T20:31:38: ⏸️ Starting IDLE for dan@adlercapital.us
2025-12-03T20:31:43: ⏸️ Starting IDLE for dan@adlercapital.us
2025-12-03T20:31:48: ⏸️ Starting IDLE for dan@adlercapital.us
2025-12-03T20:31:53: ⏸️ Starting IDLE for dan@adlercapital.us
2025-12-03T20:31:58: ⏸️ Starting IDLE for dan@adlercapital.us
2025-12-03T20:32:03: ⏸️ Starting IDLE for dan@adlercapital.us
2025-12-03T20:32:08: ⏸️ Starting IDLE for dan@adlercapital.us
2025-12-03T20:32:13: ⏸️ Starting IDLE for dan@adlercapital.us
2025-12-03T20:32:18: ⏸️ Starting IDLE for dan@adlercapital.us
2025-12-03T20:32:23: ⏸️ Starting IDLE for dan@adlercapital.us
2025-12-03T20:32:28: ⏸️ Starting IDLE for dan@adlercapital.us
2025-12-03T20:32:33: ⏸️ Starting IDLE for dan@adlercapital.us
2025-12-03T20:32:38: ⏸️ Starting IDLE for dan@adlercapital.us
2025-12-03T20:32:43: ⏸️ Starting IDLE for dan@adlercapital.us
2025-12-03T20:32:48: ⏸️ Starting IDLE for dan@adlercapital.us
2025-12-03T20:32:53: ⏸️ Starting IDLE for dan@adlercapital.us
2025-12-03T20:32:58: ⏸️ Starting IDLE for dan@adlercapital.us
2025-12-03T20:33:03: ⏸️ Starting IDLE for dan@adlercapital.us
2025-12-03T20:33:08: ⏸️ Starting IDLE for dan@adlercapital.us
2025-12-03T20:33:13: ⏸️ Starting IDLE for dan@adlercapital.us
2025-12-03T20:33:18: ⏸️ Starting IDLE for dan@adlercapital.us
2025-12-03T20:33:23: ⏸️ Starting IDLE for dan@adlercapital.us
2025-12-03T20:33:28: ⏸️ Starting IDLE for dan@adlercapital.us
2025-12-03T20:33:33: ⏸️ Starting IDLE for dan@adlercapital.us
2025-12-03T20:33:38: ⏸️ Starting IDLE for dan@adlercapital.us
2025-12-03T20:33:43: ⏸️ Starting IDLE for dan@adlercapital.us
2025-12-03T20:33:48: ⏸️ Starting IDLE for dan@adlercapital.us
2025-12-03T20:33:53: ⏸️ Starting IDLE for dan@adlercapital.us
2025-12-03T20:33:58: ⏸️ Starting IDLE for dan@adlercapital.us
2025-12-03T20:34:03: ⏸️ Starting IDLE for dan@adlercapital.us
2025-12-03T20:34:08: ⏸️ Starting IDLE for dan@adlercapital.us
2025-12-03T20:34:13: ⏸️ Starting IDLE for dan@adlercapital.us
2025-12-03T20:34:18: ⏸️ Starting IDLE for dan@adlercapital.us
2025-12-03T20:34:23: ⏸️ Starting IDLE for dan@adlercapital.us
2025-12-03T20:34:28: ⏸️ Starting IDLE for dan@adlercapital.us
2025-12-03T20:34:33: ⏸️ Starting IDLE for dan@adlercapital.us
2025-12-03T20:34:38: ⏸️ Starting IDLE for dan@adlercapital.us
2025-12-03T20:34:43: ⏸️ Starting IDLE for dan@adlercapital.us
2025-12-03T20:34:48: ⏸️ Starting IDLE for dan@adlercapital.us
2025-12-03T20:34:53: ⏸️ Starting IDLE for dan@adlercapital.us
2025-12-03T20:34:58: ⏸️ Starting IDLE for dan@adlercapital.us
2025-12-03T20:35:03: ⏸️ Starting IDLE for dan@adlercapital.us
2025-12-03T20:35:08: ⏸️ Starting IDLE for dan@adlercapital.us
2025-12-03T20:35:13: ⏸️ Starting IDLE for dan@adlercapital.us
2025-12-03T20:35:18: ⏸️ Starting IDLE for dan@adlercapital.us
2025-12-03T20:35:23: ⏸️ Starting IDLE for dan@adlercapital.us
2025-12-03T20:35:28: ⏸️ Starting IDLE for dan@adlercapital.us
2025-12-03T20:35:33: ⏸️ Starting IDLE for dan@adlercapital.us
2025-12-03T20:35:38: ⏸️ Starting IDLE for dan@adlercapital.us
2025-12-03T20:35:43: ⏸️ Starting IDLE for dan@adlercapital.us
2025-12-03T20:35:48: ⏸️ Starting IDLE for dan@adlercapital.us
2025-12-03T20:35:53: ⏸️ Starting IDLE for dan@adlercapital.us
2025-12-03T20:35:58: ⏸️ Starting IDLE for dan@adlercapital.us
2025-12-03T20:36:03: ⏸️ Starting IDLE for dan@adlercapital.us
2025-12-03T20:36:08: ⏸️ Starting IDLE for dan@adlercapital.us
2025-12-03T20:36:13: ⏸️ Starting IDLE for dan@adlercapital.us
2025-12-03T20:36:18: ⏸️ Starting IDLE for dan@adlercapital.us
2025-12-03T20:36:23: ⏸️ Starting IDLE for dan@adlercapital.us
2025-12-03T20:36:28: ⏸️ Starting IDLE for dan@adlercapital.us
2025-12-03T20:36:33: ⏸️ Starting IDLE for dan@adlercapital.us
2025-12-03T20:36:38: ⏸️ Starting IDLE for dan@adlercapital.us
2025-12-03T20:36:43: ⏸️ Starting IDLE for dan@adlercapital.us
2025-12-03T20:36:48: ⏸️ Starting IDLE for dan@adlercapital.us
2025-12-03T20:36:53: ⏸️ Starting IDLE for dan@adlercapital.us
2025-12-03T20:36:58: ⏸️ Starting IDLE for dan@adlercapital.us
2025-12-03T20:37:03: ⏸️ Starting IDLE for dan@adlercapital.us
2025-12-03T20:37:08: ⏸️ Starting IDLE for dan@adlercapital.us
2025-12-03T20:37:13: ⏸️ Starting IDLE for dan@adlercapital.us
2025-12-03T20:37:18: ⏸️ Starting IDLE for dan@adlercapital.us
2025-12-03T20:37:23: ⏸️ Starting IDLE for dan@adlercapital.us
2025-12-03T20:37:28: ⏸️ Starting IDLE for dan@adlercapital.us
2025-12-03T20:37:33: ⏸️ Starting IDLE for dan@adlercapital.us
2025-12-03T20:37:38: ⏸️ Starting IDLE for dan@adlercapital.us
2025-12-03T20:37:43: ⏸️ Starting IDLE for dan@adlercapital.us
2025-12-03T20:37:48: ⏸️ Starting IDLE for dan@adlercapital.us
2025-12-03T20:37:53: ⏸️ Starting IDLE for dan@adlercapital.us
2025-12-03T20:37:58: ⏸️ Starting IDLE for dan@adlercapital.us
2025-12-03T20:38:03: ⏸️ Starting IDLE for dan@adlercapital.us
2025-12-03T20:38:08: ⏸️ Starting IDLE for dan@adlercapital.us
2025-12-03T20:38:13: ⏸️ Starting IDLE for dan@adlercapital.us
2025-12-03T20:38:18: ⏸️ Starting IDLE for dan@adlercapital.us
2025-12-03T20:38:23: ⏸️ Starting IDLE for dan@adlercapital.us
2025-12-03T20:38:28: ⏸️ Starting IDLE for dan@adlercapital.us
2025-12-03T20:38:33: ⏸️ Starting IDLE for dan@adlercapital.us
2025-12-03T20:38:38: ⏸️ Starting IDLE for dan@adlercapital.us
2025-12-03T20:38:43: ⏸️ Starting IDLE for dan@adlercapital.us
2025-12-03T20:38:48: ⏸️ Starting IDLE for dan@adlercapital.us
2025-12-03T20:38:53: ⏸️ Starting IDLE for dan@adlercapital.us
2025-12-03T20:38:58: ⏸️ Starting IDLE for dan@adlercapital.us
2025-12-03T20:39:03: ⏸️ Starting IDLE for dan@adlercapital.us
2025-12-03T20:39:08: ⏸️ Starting IDLE for dan@adlercapital.us
2025-12-03T20:39:13: ⏸️ Starting IDLE for dan@adlercapital.us
2025-12-03T20:39:18: ⏸️ Starting IDLE for dan@adlercapital.us
2025-12-03T20:39:23: ⏸️ Starting IDLE for dan@adlercapital.us
2025-12-03T20:39:28: ⏸️ Starting IDLE for dan@adlercapital.us
2025-12-03T20:39:33: ⏸️ Starting IDLE for dan@adlercapital.us
2025-12-03T20:39:38: ⏸️ Starting IDLE for dan@adlercapital.us
2025-12-03T20:39:43: ⏸️ Starting IDLE for dan@adlercapital.us
2025-12-03T20:39:48: ⏸️ Starting IDLE for dan@adlercapital.us
2025-12-03T20:39:53: ⏸️ Starting IDLE for dan@adlercapital.us
2025-12-03T20:39:58: ⏸️ Starting IDLE for dan@adlercapital.us
2025-12-03T20:40:03: ⏸️ Starting IDLE for dan@adlercapital.us
2025-12-03T20:40:08: ⏸️ Starting IDLE for dan@adlercapital.us
2025-12-03T20:40:13: ⏸️ Starting IDLE for dan@adlercapital.us
2025-12-03T20:40:18: ⏸️ Starting IDLE for dan@adlercapital.us
2025-12-03T20:40:23: ⏸️ Starting IDLE for dan@adlercapital.us
2025-12-03T20:40:28: ⏸️ Starting IDLE for dan@adlercapital.us
2025-12-03T20:40:33: ⏸️ Starting IDLE for dan@adlercapital.us
2025-12-03T20:40:38: ⏸️ Starting IDLE for dan@adlercapital.us
2025-12-03T20:40:43: ⏸️ Starting IDLE for dan@adlercapital.us
2025-12-03T20:40:48: ⏸️ Starting IDLE for dan@adlercapital.us
2025-12-03T20:40:53: ⏸️ Starting IDLE for dan@adlercapital.us
2025-12-03T20:40:58: ⏸️ Starting IDLE for dan@adlercapital.us
2025-12-03T20:41:03: ⏸️ Starting IDLE for dan@adlercapital.us
2025-12-03T20:41:08: ⏸️ Starting IDLE for dan@adlercapital.us
2025-12-03T20:41:13: ⏸️ Starting IDLE for dan@adlercapital.us
2025-12-03T20:41:19: ⏸️ Starting IDLE for dan@adlercapital.us
2025-12-03T20:41:24: ⏸️ Starting IDLE for dan@adlercapital.us
2025-12-03T20:41:29: ⏸️ Starting IDLE for dan@adlercapital.us
2025-12-03T20:41:34: ⏸️ Starting IDLE for dan@adlercapital.us
2025-12-03T20:41:39: ⏸️ Starting IDLE for dan@adlercapital.us
2025-12-03T20:41:44: ⏸️ Starting IDLE for dan@adlercapital.us
2025-12-03T20:41:49: ⏸️ Starting IDLE for dan@adlercapital.us
2025-12-03T20:41:54: ⏸️ Starting IDLE for dan@adlercapital.us
2025-12-03T20:41:59: ⏸️ Starting IDLE for dan@adlercapital.us
2025-12-03T20:42:04: ⏸️ Starting IDLE for dan@adlercapital.us
2025-12-03T20:42:09: ⏸️ Starting IDLE for dan@adlercapital.us
2025-12-03T20:42:14: ⏸️ Starting IDLE for dan@adlercapital.us
2025-12-03T20:42:19: ⏸️ Starting IDLE for dan@adlercapital.us
2025-12-03T20:42:24: ⏸️ Starting IDLE for dan@adlercapital.us
2025-12-03T20:42:29: ⏸️ Starting IDLE for dan@adlercapital.us
2025-12-03T20:42:34: ⏸️ Starting IDLE for dan@adlercapital.us
2025-12-03T20:42:39: ⏸️ Starting IDLE for dan@adlercapital.us
2025-12-03T20:42:44: ⏸️ Starting IDLE for dan@adlercapital.us
2025-12-03T20:42:49: ⏸️ Starting IDLE for dan@adlercapital.us
2025-12-03T20:42:54: ⏸️ Starting IDLE for dan@adlercapital.us
2025-12-03T20:42:59: ⏸️ Starting IDLE for dan@adlercapital.us
2025-12-03T20:43:04: ⏸️ Starting IDLE for dan@adlercapital.us
2025-12-03T20:43:09: ⏸️ Starting IDLE for dan@adlercapital.us
2025-12-03T20:43:14: ⏸️ Starting IDLE for dan@adlercapital.us
2025-12-03T20:43:19: ⏸️ Starting IDLE for dan@adlercapital.us
2025-12-03T20:43:24: ⏸️ Starting IDLE for dan@adlercapital.us
2025-12-03T20:43:29: ⏸️ Starting IDLE for dan@adlercapital.us
2025-12-03T20:43:34: ⏸️ Starting IDLE for dan@adlercapital.us
2025-12-03T20:43:39: ⏸️ Starting IDLE for dan@adlercapital.us
2025-12-03T20:43:44: ⏸️ Starting IDLE for dan@adlercapital.us
2025-12-03T20:43:49: ⏸️ Starting IDLE for dan@adlercapital.us
2025-12-03T20:43:54: ⏸️ Starting IDLE for dan@adlercapital.us
2025-12-03T20:43:59: ⏸️ Starting IDLE for dan@adlercapital.us
2025-12-03T20:44:04: ⏸️ Starting IDLE for dan@adlercapital.us
2025-12-03T20:44:09: ⏸️ Starting IDLE for dan@adlercapital.us
2025-12-03T20:44:14: ⏸️ Starting IDLE for dan@adlercapital.us
2025-12-03T20:44:19: ⏸️ Starting IDLE for dan@adlercapital.us
2025-12-03T20:44:24: ⏸️ Starting IDLE for dan@adlercapital.us
2025-12-03T20:44:29: ⏸️ Starting IDLE for dan@adlercapital.us
2025-12-03T20:44:34: ⏸️ Starting IDLE for dan@adlercapital.us
2025-12-03T20:44:39: ⏸️ Starting IDLE for dan@adlercapital.us
2025-12-03T20:44:44: ⏸️ Starting IDLE for dan@adlercapital.us
2025-12-03T20:44:49: ⏸️ Starting IDLE for dan@adlercapital.us
2025-12-03T20:44:54: ⏸️ Starting IDLE for dan@adlercapital.us
2025-12-03T20:44:59: ⏸️ Starting IDLE for dan@adlercapital.us
2025-12-03T20:45:04: ⏸️ Starting IDLE for dan@adlercapital.us
2025-12-03T20:45:09: ⏸️ Starting IDLE for dan@adlercapital.us
2025-12-03T20:45:14: ⏸️ Starting IDLE for dan@adlercapital.us
2025-12-03T20:45:19: ⏸️ Starting IDLE for dan@adlercapital.us
2025-12-03T20:45:24: ⏸️ Starting IDLE for dan@adlercapital.us
2025-12-03T20:45:29: ⏸️ Starting IDLE for dan@adlercapital.us
2025-12-03T20:45:34: ⏸️ Starting IDLE for dan@adlercapital.us
2025-12-03T20:45:39: ⏸️ Starting IDLE for dan@adlercapital.us
2025-12-03T20:45:44: ⏸️ Starting IDLE for dan@adlercapital.us
2025-12-03T20:45:49: ⏸️ Starting IDLE for dan@adlercapital.us
2025-12-03T20:45:54: ⏸️ Starting IDLE for dan@adlercapital.us
2025-12-03T20:45:59: ⏸️ Starting IDLE for dan@adlercapital.us
2025-12-03T20:46:04: ⏸️ Starting IDLE for dan@adlercapital.us
2025-12-03T20:46:09: ⏸️ Starting IDLE for dan@adlercapital.us
2025-12-03T20:46:14: ⏸️ Starting IDLE for dan@adlercapital.us
2025-12-03T20:46:19: ⏸️ Starting IDLE for dan@adlercapital.us
2025-12-03T20:46:24: ⏸️ Starting IDLE for dan@adlercapital.us
2025-12-03T20:46:29: ⏸️ Starting IDLE for dan@adlercapital.us
2025-12-03T20:46:34: ⏸️ Starting IDLE for dan@adlercapital.us
2025-12-03T20:46:39: ⏸️ Starting IDLE for dan@adlercapital.us
2025-12-03T20:46:44: ⏸️ Starting IDLE for dan@adlercapital.us
2025-12-03T20:46:49: ⏸️ Starting IDLE for dan@adlercapital.us
2025-12-03T20:46:54: ⏸️ Starting IDLE for dan@adlercapital.us
2025-12-03T20:46:59: ⏸️ Starting IDLE for dan@adlercapital.us
2025-12-03T20:47:04: ⏸️ Starting IDLE for dan@adlercapital.us
2025-12-03T20:47:09: ⏸️ Starting IDLE for dan@adlercapital.us
2025-12-03T20:47:14: ⏸️ Starting IDLE for dan@adlercapital.us
2025-12-03T20:47:19: ⏸️ Starting IDLE for dan@adlercapital.us
2025-12-03T20:47:24: ⏸️ Starting IDLE for dan@adlercapital.us
2025-12-03T20:47:29: ⏸️ Starting IDLE for dan@adlercapital.us
2025-12-03T20:47:34: ⏸️ Starting IDLE for dan@adlercapital.us
2025-12-03T20:47:39: ⏸️ Starting IDLE for dan@adlercapital.us
2025-12-03T20:47:44: ⏸️ Starting IDLE for dan@adlercapital.us
2025-12-03T20:47:49: ⏸️ Starting IDLE for dan@adlercapital.us
2025-12-03T20:47:54: ⏸️ Starting IDLE for dan@adlercapital.us
2025-12-03T20:47:59: ⏸️ Starting IDLE for dan@adlercapital.us
2025-12-03T20:48:04: ⏸️ Starting IDLE for dan@adlercapital.us
2025-12-03T20:48:09: ⏸️ Starting IDLE for dan@adlercapital.us
2025-12-03T20:48:14: ⏸️ Starting IDLE for dan@adlercapital.us
2025-12-03T20:48:19: ⏸️ Starting IDLE for dan@adlercapital.us
2025-12-03T20:48:24: ⏸️ Starting IDLE for dan@adlercapital.us
2025-12-03T20:48:29: ⏸️ Starting IDLE for dan@adlercapital.us
2025-12-03T20:48:34: ⏸️ Starting IDLE for dan@adlercapital.us
2025-12-03T20:48:39: ⏸️ Starting IDLE for dan@adlercapital.us
2025-12-03T20:48:44: ⏸️ Starting IDLE for dan@adlercapital.us
2025-12-03T20:48:49: ⏸️ Starting IDLE for dan@adlercapital.us
2025-12-03T20:48:54: ⏸️ Starting IDLE for dan@adlercapital.us
2025-12-03T20:48:59: ⏸️ Starting IDLE for dan@adlercapital.us
2025-12-03T20:49:04: ⏸️ Starting IDLE for dan@adlercapital.us
2025-12-03T20:49:09: ⏸️ Starting IDLE for dan@adlercapital.us
2025-12-03T20:49:14: ⏸️ Starting IDLE for dan@adlercapital.us
2025-12-03T20:49:19: ⏸️ Starting IDLE for dan@adlercapital.us
2025-12-03T20:49:24: ⏸️ Starting IDLE for dan@adlercapital.us
2025-12-03T20:49:29: ⏸️ Starting IDLE for dan@adlercapital.us
2025-12-03T20:49:34: ⏸️ Starting IDLE for dan@adlercapital.us
2025-12-03T20:49:39: ⏸️ Starting IDLE for dan@adlercapital.us
2025-12-03T20:49:44: ⏸️ Starting IDLE for dan@adlercapital.us
2025-12-03T20:49:49: ⏸️ Starting IDLE for dan@adlercapital.us
2025-12-03T20:49:54: ⏸️ Starting IDLE for dan@adlercapital.us
2025-12-03T20:49:59: ⏸️ Starting IDLE for dan@adlercapital.us
2025-12-03T20:50:04: ⏸️ Starting IDLE for dan@adlercapital.us
2025-12-03T20:50:09: ⏸️ Starting IDLE for dan@adlercapital.us
2025-12-03T20:50:14: ⏸️ Starting IDLE for dan@adlercapital.us
2025-12-03T20:50:19: ⏸️ Starting IDLE for dan@adlercapital.us
2025-12-03T20:50:24: ⏸️ Starting IDLE for dan@adlercapital.us
2025-12-03T20:50:29: ⏸️ Starting IDLE for dan@adlercapital.us
2025-12-03T20:50:34: ⏸️ Starting IDLE for dan@adlercapital.us
2025-12-03T20:50:39: ⏸️ Starting IDLE for dan@adlercapital.us
2025-12-03T20:50:44: ⏸️ Starting IDLE for dan@adlercapital.us
2025-12-03T20:50:49: ⏸️ Starting IDLE for dan@adlercapital.us
2025-12-03T20:50:54: ⏸️ Starting IDLE for dan@adlercapital.us
2025-12-03T20:50:59: ⏸️ Starting IDLE for dan@adlercapital.us
2025-12-03T20:51:04: ⏸️ Starting IDLE for dan@adlercapital.us
2025-12-03T20:51:09: ⏸️ Starting IDLE for dan@adlercapital.us
2025-12-03T20:51:14: ⏸️ Starting IDLE for dan@adlercapital.us
2025-12-03T20:51:19: ⏸️ Starting IDLE for dan@adlercapital.us
2025-12-03T20:51:24: ⏸️ Starting IDLE for dan@adlercapital.us
2025-12-03T20:51:29: ⏸️ Starting IDLE for dan@adlercapital.us
2025-12-03T20:51:34: ⏸️ Starting IDLE for dan@adlercapital.us
2025-12-03T20:51:39: ⏸️ Starting IDLE for dan@adlercapital.us
2025-12-03T20:51:44: ⏸️ Starting IDLE for dan@adlercapital.us
2025-12-03T20:51:49: ⏸️ Starting IDLE for dan@adlercapital.us
2025-12-03T20:51:54: ⏸️ Starting IDLE for dan@adlercapital.us
2025-12-03T20:51:59: ⏸️ Starting IDLE for dan@adlercapital.us
2025-12-03T20:52:04: ⏸️ Starting IDLE for dan@adlercapital.us
2025-12-03T20:52:09: ⏸️ Starting IDLE for dan@adlercapital.us
2025-12-03T20:52:14: ⏸️ Starting IDLE for dan@adlercapital.us
2025-12-03T20:52:19: ⏸️ Starting IDLE for dan@adlercapital.us
2025-12-03T20:52:24: ⏸️ Starting IDLE for dan@adlercapital.us
2025-12-03T20:52:29: ⏸️ Starting IDLE for dan@adlercapital.us
2025-12-03T20:52:34: ⏸️ Starting IDLE for dan@adlercapital.us
2025-12-03T20:52:39: ⏸️ Starting IDLE for dan@adlercapital.us
2025-12-03T20:52:44: ⏸️ Starting IDLE for dan@adlercapital.us
2025-12-03T20:52:49: ⏸️ Starting IDLE for dan@adlercapital.us
2025-12-03T20:52:54: ⏸️ Starting IDLE for dan@adlercapital.us
2025-12-03T20:52:59: ⏸️ Starting IDLE for dan@adlercapital.us
2025-12-03T20:53:04: ⏸️ Starting IDLE for dan@adlercapital.us
2025-12-03T20:53:09: ⏸️ Starting IDLE for dan@adlercapital.us
2025-12-03T20:53:14: ⏸️ Starting IDLE for dan@adlercapital.us
2025-12-03T20:53:19: ⏸️ Starting IDLE for dan@adlercapital.us
2025-12-03T20:53:24: ⏸️ Starting IDLE for dan@adlercapital.us
2025-12-03T20:53:29: ⏸️ Starting IDLE for dan@adlercapital.us
2025-12-03T20:53:34: ⏸️ Starting IDLE for dan@adlercapital.us
2025-12-03T20:53:39: ⏸️ Starting IDLE for dan@adlercapital.us
2025-12-03T20:53:44: ⏸️ Starting IDLE for dan@adlercapital.us
2025-12-03T20:53:49: ⏸️ Starting IDLE for dan@adlercapital.us
2025-12-03T20:53:54: ⏸️ Starting IDLE for dan@adlercapital.us
2025-12-03T20:53:59: ⏸️ Starting IDLE for dan@adlercapital.us
2025-12-03T20:54:04: ⏸️ Starting IDLE for dan@adlercapital.us
2025-12-03T20:54:09: ⏸️ Starting IDLE for dan@adlercapital.us
2025-12-03T20:54:14: ⏸️ Starting IDLE for dan@adlercapital.us
2025-12-03T20:54:19: ⏸️ Starting IDLE for dan@adlercapital.us
2025-12-03T20:54:24: ⏸️ Starting IDLE for dan@adlercapital.us
2025-12-03T20:54:29: ⏸️ Starting IDLE for dan@adlercapital.us
2025-12-03T20:54:34: ⏸️ Starting IDLE for dan@adlercapital.us
2025-12-03T20:54:39: ⏸️ Starting IDLE for dan@adlercapital.us
2025-12-03T20:54:44: ⏸️ Starting IDLE for dan@adlercapital.us
2025-12-03T20:54:49: ⏸️ Starting IDLE for dan@adlercapital.us
2025-12-03T20:54:54: ⏸️ Starting IDLE for dan@adlercapital.us
2025-12-03T20:54:59: ⏸️ Starting IDLE for dan@adlercapital.us
2025-12-03T20:55:04: ⏸️ Starting IDLE for dan@adlercapital.us
2025-12-03T20:55:09: ⏸️ Starting IDLE for dan@adlercapital.us
2025-12-03T20:55:14: ⏸️ Starting IDLE for dan@adlercapital.us
2025-12-03T20:55:19: ⏸️ Starting IDLE for dan@adlercapital.us
2025-12-03T20:55:24: ⏸️ Starting IDLE for dan@adlercapital.us
2025-12-03T20:55:29: ⏸️ Starting IDLE for dan@adlercapital.us
2025-12-03T20:55:34: ⏸️ Starting IDLE for dan@adlercapital.us
2025-12-03T20:55:39: ⏸️ Starting IDLE for dan@adlercapital.us
2025-12-03T20:55:44: ⏸️ Starting IDLE for dan@adlercapital.us
2025-12-03T20:55:49: ⏸️ Starting IDLE for dan@adlercapital.us
2025-12-03T20:55:54: ⏸️ Starting IDLE for dan@adlercapital.us
2025-12-03T20:55:59: ⏸️ Starting IDLE for dan@adlercapital.us
2025-12-03T20:56:04: ⏸️ Starting IDLE for dan@adlercapital.us
2025-12-03T20:56:09: ⏸️ Starting IDLE for dan@adlercapital.us
2025-12-03T20:56:14: ⏸️ Starting IDLE for dan@adlercapital.us
2025-12-03T20:56:19: ⏸️ Starting IDLE for dan@adlercapital.us
2025-12-03T20:56:24: ⏸️ Starting IDLE for dan@adlercapital.us
2025-12-03T20:56:29: ⏸️ Starting IDLE for dan@adlercapital.us
2025-12-03T20:56:34: ⏸️ Starting IDLE for dan@adlercapital.us
2025-12-03T20:56:39: ⏸️ Starting IDLE for dan@adlercapital.us
2025-12-03T20:56:44: ⏸️ Starting IDLE for dan@adlercapital.us
2025-12-03T20:56:49: ⏸️ Starting IDLE for dan@adlercapital.us
2025-12-03T20:56:54: ⏸️ Starting IDLE for dan@adlercapital.us
2025-12-03T20:56:59: ⏸️ Starting IDLE for dan@adlercapital.us
2025-12-03T20:57:04: ⏸️ Starting IDLE for dan@adlercapital.us
2025-12-03T20:57:09: ⏸️ Starting IDLE for dan@adlercapital.us
2025-12-03T20:57:14: ⏸️ Starting IDLE for dan@adlercapital.us
2025-12-03T20:57:19: ⏸️ Starting IDLE for dan@adlercapital.us
2025-12-03T20:57:24: ⏸️ Starting IDLE for dan@adlercapital.us
2025-12-03T20:57:29: ⏸️ Starting IDLE for dan@adlercapital.us
2025-12-03T20:57:34: ⏸️ Starting IDLE for dan@adlercapital.us
2025-12-03T20:57:39: ⏸️ Starting IDLE for dan@adlercapital.us
2025-12-03T20:57:44: ⏸️ Starting IDLE for dan@adlercapital.us
2025-12-03T20:57:49: ⏸️ Starting IDLE for dan@adlercapital.us
2025-12-03T20:57:54: ⏸️ Starting IDLE for dan@adlercapital.us
2025-12-03T20:57:59: ⏸️ Starting IDLE for dan@adlercapital.us
2025-12-03T20:58:04: ⏸️ Starting IDLE for dan@adlercapital.us
2025-12-03T20:58:09: ⏸️ Starting IDLE for dan@adlercapital.us
2025-12-03T20:58:14: ⏸️ Starting IDLE for dan@adlercapital.us
2025-12-03T20:58:19: ⏸️ Starting IDLE for dan@adlercapital.us
2025-12-03T20:58:24: ⏸️ Starting IDLE for dan@adlercapital.us
2025-12-03T20:58:29: ⏸️ Starting IDLE for dan@adlercapital.us
2025-12-03T20:58:34: ⏸️ Starting IDLE for dan@adlercapital.us
2025-12-03T20:58:39: ⏸️ Starting IDLE for dan@adlercapital.us
2025-12-03T20:58:44: ⏸️ Starting IDLE for dan@adlercapital.us
2025-12-03T20:58:49: ⏸️ Starting IDLE for dan@adlercapital.us
2025-12-03T20:58:54: ⏸️ Starting IDLE for dan@adlercapital.us
2025-12-03T20:58:59: ⏸️ Starting IDLE for dan@adlercapital.us
2025-12-03T20:59:04: ⏸️ Starting IDLE for dan@adlercapital.us
2025-12-03T20:59:09: ⏸️ Starting IDLE for dan@adlercapital.us
2025-12-03T20:59:14: ⏸️ Starting IDLE for dan@adlercapital.us
2025-12-03T20:59:19: ⏸️ Starting IDLE for dan@adlercapital.us
2025-12-03T20:59:24: ⏸️ Starting IDLE for dan@adlercapital.us
2025-12-03T20:59:29: ⏸️ Starting IDLE for dan@adlercapital.us
2025-12-03T20:59:34: ⏸️ Starting IDLE for dan@adlercapital.us
2025-12-03T20:59:39: ⏸️ Starting IDLE for dan@adlercapital.us
2025-12-03T20:59:44: ⏸️ Starting IDLE for dan@adlercapital.us
2025-12-03T20:59:49: ⏸️ Starting IDLE for dan@adlercapital.us
2025-12-03T20:59:54: ⏸️ Starting IDLE for dan@adlercapital.us
2025-12-03T20:59:59: ⏸️ Starting IDLE for dan@adlercapital.us
2025-12-03T21:00:04: ⏸️ Starting IDLE for dan@adlercapital.us
2025-12-03T21:00:09: ⏸️ Starting IDLE for dan@adlercapital.us
2025-12-03T21:00:14: ⏸️ Starting IDLE for dan@adlercapital.us
2025-12-03T21:00:19: ⏸️ Starting IDLE for dan@adlercapital.us
2025-12-03T21:00:24: ⏸️ Starting IDLE for dan@adlercapital.us
2025-12-03T21:00:29: ⏸️ Starting IDLE for dan@adlercapital.us
2025-12-03T21:00:34: ⏸️ Starting IDLE for dan@adlercapital.us
2025-12-03T21:00:39: ⏸️ Starting IDLE for dan@adlercapital.us
2025-12-03T21:00:44: ⏸️ Starting IDLE for dan@adlercapital.us
2025-12-03T21:00:49: ⏸️ Starting IDLE for dan@adlercapital.us
2025-12-03T21:00:54: ⏸️ Starting IDLE for dan@adlercapital.us
2025-12-03T21:00:59: ⏸️ Starting IDLE for dan@adlercapital.us
2025-12-03T21:01:04: ⏸️ Starting IDLE for dan@adlercapital.us
2025-12-03T21:01:09: ⏸️ Starting IDLE for dan@adlercapital.us
2025-12-03T21:01:14: ⏸️ Starting IDLE for dan@adlercapital.us
2025-12-03T21:01:19: ⏸️ Starting IDLE for dan@adlercapital.us
2025-12-03T21:01:24: ⏸️ Starting IDLE for dan@adlercapital.us
2025-12-03T21:01:29: ⏸️ Starting IDLE for dan@adlercapital.us
2025-12-03T21:01:34: ⏸️ Starting IDLE for dan@adlercapital.us
2025-12-03T21:01:39: ⏸️ Starting IDLE for dan@adlercapital.us
2025-12-03T21:01:44: ⏸️ Starting IDLE for dan@adlercapital.us
2025-12-03T21:01:49: ⏸️ Starting IDLE for dan@adlercapital.us
2025-12-03T21:01:54: ⏸️ Starting IDLE for dan@adlercapital.us
2025-12-03T21:01:59: ⏸️ Starting IDLE for dan@adlercapital.us
2025-12-03T21:02:04: ⏸️ Starting IDLE for dan@adlercapital.us
2025-12-03T21:02:09: ⏸️ Starting IDLE for dan@adlercapital.us
2025-12-03T21:02:14: ⏸️ Starting IDLE for dan@adlercapital.us
2025-12-03T21:02:19: ⏸️ Starting IDLE for dan@adlercapital.us
2025-12-03T21:02:24: ⏸️ Starting IDLE for dan@adlercapital.us
2025-12-03T21:02:29: ⏸️ Starting IDLE for dan@adlercapital.us
2025-12-03T21:02:34: ⏸️ Starting IDLE for dan@adlercapital.us
2025-12-03T21:02:39: ⏸️ Starting IDLE for dan@adlercapital.us
2025-12-03T21:02:44: ⏸️ Starting IDLE for dan@adlercapital.us
2025-12-03T21:02:49: ⏸️ Starting IDLE for dan@adlercapital.us
2025-12-03T21:02:54: ⏸️ Starting IDLE for dan@adlercapital.us
2025-12-03T21:02:59: ⏸️ Starting IDLE for dan@adlercapital.us
2025-12-03T21:03:04: ⏸️ Starting IDLE for dan@adlercapital.us
2025-12-03T21:03:09: ⏸️ Starting IDLE for dan@adlercapital.us
2025-12-03T21:03:14: ⏸️ Starting IDLE for dan@adlercapital.us
2025-12-03T21:03:19: ⏸️ Starting IDLE for dan@adlercapital.us
2025-12-03T21:03:24: ⏸️ Starting IDLE for dan@adlercapital.us
2025-12-03T21:03:29: ⏸️ Starting IDLE for dan@adlercapital.us
2025-12-03T21:03:34: ⏸️ Starting IDLE for dan@adlercapital.us
2025-12-03T21:03:39: ⏸️ Starting IDLE for dan@adlercapital.us
2025-12-03T21:03:44: ⏸️ Starting IDLE for dan@adlercapital.us
2025-12-03T21:03:49: ⏸️ Starting IDLE for dan@adlercapital.us
2025-12-03T21:03:54: ⏸️ Starting IDLE for dan@adlercapital.us
2025-12-03T21:04:00: ⏸️ Starting IDLE for dan@adlercapital.us
2025-12-03T21:04:05: ⏸️ Starting IDLE for dan@adlercapital.us
2025-12-03T21:04:10: ⏸️ Starting IDLE for dan@adlercapital.us
2025-12-03T21:04:15: ⏸️ Starting IDLE for dan@adlercapital.us
2025-12-03T21:04:20: ⏸️ Starting IDLE for dan@adlercapital.us
2025-12-03T21:04:25: ⏸️ Starting IDLE for dan@adlercapital.us
2025-12-03T21:04:30: ⏸️ Starting IDLE for dan@adlercapital.us
2025-12-03T21:04:35: ⏸️ Starting IDLE for dan@adlercapital.us
2025-12-03T21:04:40: ⏸️ Starting IDLE for dan@adlercapital.us
2025-12-03T21:04:45: ⏸️ Starting IDLE for dan@adlercapital.us
2025-12-03T21:04:50: ⏸️ Starting IDLE for dan@adlercapital.us
2025-12-03T21:04:55: ⏸️ Starting IDLE for dan@adlercapital.us
2025-12-03T21:05:00: ⏸️ Starting IDLE for dan@adlercapital.us
2025-12-03T21:05:05: ⏸️ Starting IDLE for dan@adlercapital.us
2025-12-03T21:05:10: ⏸️ Starting IDLE for dan@adlercapital.us
2025-12-03T21:05:15: ⏸️ Starting IDLE for dan@adlercapital.us
2025-12-03T21:05:20: ⏸️ Starting IDLE for dan@adlercapital.us
2025-12-03T21:05:25: ⏸️ Starting IDLE for dan@adlercapital.us
2025-12-03T21:05:30: ⏸️ Starting IDLE for dan@adlercapital.us
2025-12-03T21:05:35: ⏸️ Starting IDLE for dan@adlercapital.us
2025-12-03T21:05:40: ⏸️ Starting IDLE for dan@adlercapital.us
2025-12-03T21:05:45: ⏸️ Starting IDLE for dan@adlercapital.us
2025-12-03T21:05:50: ⏸️ Starting IDLE for dan@adlercapital.us
2025-12-03T21:05:55: ⏸️ Starting IDLE for dan@adlercapital.us
2025-12-03T21:06:00: ⏸️ Starting IDLE for dan@adlercapital.us
2025-12-03T21:06:05: ⏸️ Starting IDLE for dan@adlercapital.us
2025-12-03T21:06:10: ⏸️ Starting IDLE for dan@adlercapital.us
2025-12-03T21:06:15: ⏸️ Starting IDLE for dan@adlercapital.us
2025-12-03T21:06:20: ⏸️ Starting IDLE for dan@adlercapital.us
2025-12-03T21:06:25: ⏸️ Starting IDLE for dan@adlercapital.us
2025-12-03T21:06:30: ⏸️ Starting IDLE for dan@adlercapital.us
2025-12-03T21:06:35: ⏸️ Starting IDLE for dan@adlercapital.us
2025-12-03T21:06:40: ⏸️ Starting IDLE for dan@adlercapital.us
2025-12-03T21:06:45: ⏸️ Starting IDLE for dan@adlercapital.us
2025-12-03T21:06:50: ⏸️ Starting IDLE for dan@adlercapital.us
2025-12-03T21:06:55: ⏸️ Starting IDLE for dan@adlercapital.us
2025-12-03T21:07:00: ⏸️ Starting IDLE for dan@adlercapital.us
2025-12-03T21:07:05: ⏸️ Starting IDLE for dan@adlercapital.us
2025-12-03T21:07:10: ⏸️ Starting IDLE for dan@adlercapital.us
2025-12-03T21:07:15: ⏸️ Starting IDLE for dan@adlercapital.us
2025-12-03T21:07:20: ⏸️ Starting IDLE for dan@adlercapital.us
2025-12-03T21:07:25: ⏸️ Starting IDLE for dan@adlercapital.us
2025-12-03T21:07:30: ⏸️ Starting IDLE for dan@adlercapital.us
2025-12-03T21:07:35: ⏸️ Starting IDLE for dan@adlercapital.us
2025-12-03T21:07:40: ⏸️ Starting IDLE for dan@adlercapital.us
2025-12-03T21:07:45: ⏸️ Starting IDLE for dan@adlercapital.us
2025-12-03T21:07:50: ⏸️ Starting IDLE for dan@adlercapital.us
2025-12-03T21:07:55: ⏸️ Starting IDLE for dan@adlercapital.us
2025-12-03T21:08:00: ⏸️ Starting IDLE for dan@adlercapital.us
2025-12-03T21:08:05: ⏸️ Starting IDLE for dan@adlercapital.us
2025-12-03T21:08:10: ⏸️ Starting IDLE for dan@adlercapital.us
2025-12-03T21:08:15: ⏸️ Starting IDLE for dan@adlercapital.us
2025-12-03T21:08:20: ⏸️ Starting IDLE for dan@adlercapital.us
2025-12-03T21:08:25: ⏸️ Starting IDLE for dan@adlercapital.us
2025-12-03T21:08:30: ⏸️ Starting IDLE for dan@adlercapital.us
2025-12-03T21:08:35: ⏸️ Starting IDLE for dan@adlercapital.us
2025-12-03T21:08:40: ⏸️ Starting IDLE for dan@adlercapital.us
2025-12-03T21:08:45: ⏸️ Starting IDLE for dan@adlercapital.us
2025-12-03T21:08:50: ⏸️ Starting IDLE for dan@adlercapital.us
2025-12-03T21:08:55: ⏸️ Starting IDLE for dan@adlercapital.us
2025-12-03T21:09:00: ⏸️ Starting IDLE for dan@adlercapital.us
2025-12-03T21:09:05: ⏸️ Starting IDLE for dan@adlercapital.us
2025-12-03T21:09:10: ⏸️ Starting IDLE for dan@adlercapital.us
2025-12-03T21:09:15: ⏸️ Starting IDLE for dan@adlercapital.us
2025-12-03T21:09:20: ⏸️ Starting IDLE for dan@adlercapital.us
2025-12-03T21:09:25: ⏸️ Starting IDLE for dan@adlercapital.us
2025-12-03T21:09:30: ⏸️ Starting IDLE for dan@adlercapital.us
2025-12-03T21:09:35: ⏸️ Starting IDLE for dan@adlercapital.us
2025-12-03T21:09:40: ⏸️ Starting IDLE for dan@adlercapital.us
2025-12-03T21:09:45: ⏸️ Starting IDLE for dan@adlercapital.us
2025-12-03T21:09:50: ⏸️ Starting IDLE for dan@adlercapital.us
2025-12-03T21:09:55: ⏸️ Starting IDLE for dan@adlercapital.us
2025-12-03T21:10:00: ⏸️ Starting IDLE for dan@adlercapital.us
2025-12-03T21:10:05: ⏸️ Starting IDLE for dan@adlercapital.us
2025-12-03T21:10:10: ⏸️ Starting IDLE for dan@adlercapital.us
2025-12-03T21:10:15: ⏸️ Starting IDLE for dan@adlercapital.us
2025-12-03T21:10:20: ⏸️ Starting IDLE for dan@adlercapital.us
2025-12-03T21:10:25: ⏸️ Starting IDLE for dan@adlercapital.us
2025-12-03T21:10:30: ⏸️ Starting IDLE for dan@adlercapital.us
2025-12-03T21:10:35: ⏸️ Starting IDLE for dan@adlercapital.us
2025-12-03T21:10:40: ⏸️ Starting IDLE for dan@adlercapital.us
2025-12-03T21:10:45: ⏸️ Starting IDLE for dan@adlercapital.us
2025-12-03T21:10:50: ⏸️ Starting IDLE for dan@adlercapital.us
2025-12-03T21:10:55: ⏸️ Starting IDLE for dan@adlercapital.us
2025-12-03T21:11:00: ⏸️ Starting IDLE for dan@adlercapital.us
2025-12-03T21:11:05: ⏸️ Starting IDLE for dan@adlercapital.us
2025-12-03T21:11:10: ⏸️ Starting IDLE for dan@adlercapital.us
2025-12-03T21:11:15: ⏸️ Starting IDLE for dan@adlercapital.us
2025-12-03T21:11:20: ⏸️ Starting IDLE for dan@adlercapital.us
2025-12-03T21:11:25: ⏸️ Starting IDLE for dan@adlercapital.us
2025-12-03T21:11:30: ⏸️ Starting IDLE for dan@adlercapital.us
2025-12-03T21:11:35: ⏸️ Starting IDLE for dan@adlercapital.us
2025-12-03T21:11:40: ⏸️ Starting IDLE for dan@adlercapital.us
2025-12-03T21:11:45: ⏸️ Starting IDLE for dan@adlercapital.us
2025-12-03T21:11:50: ⏸️ Starting IDLE for dan@adlercapital.us
2025-12-03T21:11:55: ⏸️ Starting IDLE for dan@adlercapital.us
2025-12-03T21:12:00: ⏸️ Starting IDLE for dan@adlercapital.us
2025-12-03T21:12:05: ⏸️ Starting IDLE for dan@adlercapital.us
2025-12-03T21:12:10: ⏸️ Starting IDLE for dan@adlercapital.us
2025-12-03T21:12:15: ⏸️ Starting IDLE for dan@adlercapital.us
2025-12-03T21:12:20: ⏸️ Starting IDLE for dan@adlercapital.us
2025-12-03T21:12:25: ⏸️ Starting IDLE for dan@adlercapital.us
2025-12-03T21:12:30: ⏸️ Starting IDLE for dan@adlercapital.us
2025-12-03T21:12:35: ⏸️ Starting IDLE for dan@adlercapital.us
2025-12-03T21:12:40: ⏸️ Starting IDLE for dan@adlercapital.us
2025-12-03T21:12:45: ⏸️ Starting IDLE for dan@adlercapital.us
2025-12-03T21:12:50: ⏸️ Starting IDLE for dan@adlercapital.us
2025-12-03T21:12:55: ⏸️ Starting IDLE for dan@adlercapital.us
2025-12-03T21:13:00: ⏸️ Starting IDLE for dan@adlercapital.us
2025-12-03T21:13:05: ⏸️ Starting IDLE for dan@adlercapital.us
2025-12-03T21:13:10: ⏸️ Starting IDLE for dan@adlercapital.us
2025-12-03T21:13:15: ⏸️ Starting IDLE for dan@adlercapital.us
2025-12-03T21:13:20: ⏸️ Starting IDLE for dan@adlercapital.us
2025-12-03T21:13:25: ⏸️ Starting IDLE for dan@adlercapital.us
2025-12-03T21:13:30: ⏸️ Starting IDLE for dan@adlercapital.us
2025-12-03T21:13:35: ⏸️ Starting IDLE for dan@adlercapital.us
2025-12-03T21:13:40: ⏸️ Starting IDLE for dan@adlercapital.us
2025-12-03T21:13:45: ⏸️ Starting IDLE for dan@adlercapital.us
2025-12-03T21:13:50: ⏸️ Starting IDLE for dan@adlercapital.us
2025-12-03T21:13:55: ⏸️ Starting IDLE for dan@adlercapital.us
2025-12-03T21:14:00: ⏸️ Starting IDLE for dan@adlercapital.us
2025-12-03T21:14:05: ⏸️ Starting IDLE for dan@adlercapital.us
2025-12-03T21:14:10: ⏸️ Starting IDLE for dan@adlercapital.us
2025-12-03T21:14:15: ⏸️ Starting IDLE for dan@adlercapital.us
2025-12-03T21:14:20: ⏸️ Starting IDLE for dan@adlercapital.us
2025-12-03T21:14:25: ⏸️ Starting IDLE for dan@adlercapital.us
2025-12-03T21:14:30: ⏸️ Starting IDLE for dan@adlercapital.us
2025-12-03T21:14:35: ⏸️ Starting IDLE for dan@adlercapital.us
2025-12-03T21:14:40: ⏸️ Starting IDLE for dan@adlercapital.us
2025-12-03T21:14:45: ⏸️ Starting IDLE for dan@adlercapital.us
2025-12-03T21:14:50: ⏸️ Starting IDLE for dan@adlercapital.us
2025-12-03T21:14:55: ⏸️ Starting IDLE for dan@adlercapital.us
2025-12-03T21:15:00: ⏸️ Starting IDLE for dan@adlercapital.us
2025-12-03T21:15:05: ⏸️ Starting IDLE for dan@adlercapital.us
2025-12-03T21:15:10: ⏸️ Starting IDLE for dan@adlercapital.us
2025-12-03T21:15:15: ⏸️ Starting IDLE for dan@adlercapital.us
2025-12-03T21:15:20: ⏸️ Starting IDLE for dan@adlercapital.us
2025-12-03T21:15:25: ⏸️ Starting IDLE for dan@adlercapital.us
2025-12-03T21:15:30: ⏸️ Starting IDLE for dan@adlercapital.us
2025-12-03T21:15:35: ⏸️ Starting IDLE for dan@adlercapital.us
2025-12-03T21:15:40: ⏸️ Starting IDLE for dan@adlercapital.us
2025-12-03T21:15:45: ⏸️ Starting IDLE for dan@adlercapital.us
2025-12-03T21:15:50: ⏸️ Starting IDLE for dan@adlercapital.us
2025-12-03T21:15:55: ⏸️ Starting IDLE for dan@adlercapital.us
2025-12-03T21:16:00: ⏸️ Starting IDLE for dan@adlercapital.us
2025-12-03T21:16:05: ⏸️ Starting IDLE for dan@adlercapital.us
2025-12-03T21:16:10: ⏸️ Starting IDLE for dan@adlercapital.us
2025-12-03T21:16:15: ⏸️ Starting IDLE for dan@adlercapital.us
2025-12-03T21:16:20: ⏸️ Starting IDLE for dan@adlercapital.us
2025-12-03T21:16:25: ⏸️ Starting IDLE for dan@adlercapital.us
2025-12-03T21:16:30: ⏸️ Starting IDLE for dan@adlercapital.us
2025-12-03T21:16:35: ⏸️ Starting IDLE for dan@adlercapital.us
2025-12-03T21:16:40: ⏸️ Starting IDLE for dan@adlercapital.us
2025-12-03T21:16:45: ⏸️ Starting IDLE for dan@adlercapital.us
2025-12-03T21:16:50: ⏸️ Starting IDLE for dan@adlercapital.us
2025-12-03T21:16:55: ⏸️ Starting IDLE for dan@adlercapital.us
2025-12-03T21:17:00: ⏸️ Starting IDLE for dan@adlercapital.us
2025-12-03T21:17:05: ⏸️ Starting IDLE for dan@adlercapital.us
2025-12-03T21:17:10: ⏸️ Starting IDLE for dan@adlercapital.us
2025-12-03T21:17:15: ⏸️ Starting IDLE for dan@adlercapital.us
2025-12-03T21:17:20: ⏸️ Starting IDLE for dan@adlercapital.us
2025-12-03T21:17:25: ⏸️ Starting IDLE for dan@adlercapital.us
2025-12-03T21:17:30: ⏸️ Starting IDLE for dan@adlercapital.us
2025-12-03T21:17:35: ⏸️ Starting IDLE for dan@adlercapital.us
2025-12-03T21:17:40: ⏸️ Starting IDLE for dan@adlercapital.us
2025-12-03T21:17:45: ⏸️ Starting IDLE for dan@adlercapital.us
2025-12-03T21:17:50: ⏸️ Starting IDLE for dan@adlercapital.us
2025-12-03T21:17:55: ⏸️ Starting IDLE for dan@adlercapital.us
2025-12-03T21:18:00: ⏸️ Starting IDLE for dan@adlercapital.us
2025-12-03T21:18:05: ⏸️ Starting IDLE for dan@adlercapital.us
2025-12-03T21:18:10: ⏸️ Starting IDLE for dan@adlercapital.us
2025-12-03T21:18:15: ⏸️ Starting IDLE for dan@adlercapital.us
2025-12-03T21:18:20: ⏸️ Starting IDLE for dan@adlercapital.us
2025-12-03T21:18:25: ⏸️ Starting IDLE for dan@adlercapital.us
2025-12-03T21:18:30: ⏸️ Starting IDLE for dan@adlercapital.us
2025-12-03T21:18:35: ⏸️ Starting IDLE for dan@adlercapital.us
2025-12-03T21:18:40: ⏸️ Starting IDLE for dan@adlercapital.us
2025-12-03T21:18:45: ⏸️ Starting IDLE for dan@adlercapital.us
2025-12-03T21:18:50: ⏸️ Starting IDLE for dan@adlercapital.us
2025-12-03T21:18:55: ⏸️ Starting IDLE for dan@adlercapital.us
2025-12-03T21:19:00: ⏸️ Starting IDLE for dan@adlercapital.us
2025-12-03T21:19:05: ⏸️ Starting IDLE for dan@adlercapital.us
2025-12-03T21:19:10: ⏸️ Starting IDLE for dan@adlercapital.us
2025-12-03T21:19:15: ⏸️ Starting IDLE for dan@adlercapital.us
2025-12-03T21:19:20: ⏸️ Starting IDLE for dan@adlercapital.us
2025-12-03T21:19:25: ⏸️ Starting IDLE for dan@adlercapital.us
2025-12-03T21:19:30: ⏸️ Starting IDLE for dan@adlercapital.us
2025-12-03T21:19:35: ⏸️ Starting IDLE for dan@adlercapital.us
2025-12-03T21:19:40: ⏸️ Starting IDLE for dan@adlercapital.us
2025-12-03T21:19:45: ⏸️ Starting IDLE for dan@adlercapital.us
2025-12-03T21:19:50: ⏸️ Starting IDLE for dan@adlercapital.us
2025-12-03T21:19:55: ⏸️ Starting IDLE for dan@adlercapital.us
2025-12-03T21:20:00: ⏸️ Starting IDLE for dan@adlercapital.us
2025-12-03T21:20:05: ⏸️ Starting IDLE for dan@adlercapital.us
2025-12-03T21:20:10: ⏸️ Starting IDLE for dan@adlercapital.us
2025-12-03T21:20:15: ⏸️ Starting IDLE for dan@adlercapital.us
2025-12-03T21:20:20: ⏸️ Starting IDLE for dan@adlercapital.us
2025-12-03T21:20:25: ⏸️ Starting IDLE for dan@adlercapital.us
2025-12-03T21:20:30: ⏸️ Starting IDLE for dan@adlercapital.us
2025-12-03T21:20:35: ⏸️ Starting IDLE for dan@adlercapital.us
2025-12-03T21:20:40: ⏸️ Starting IDLE for dan@adlercapital.us
2025-12-03T21:20:45: ⏸️ Starting IDLE for dan@adlercapital.us
2025-12-03T21:20:50: ⏸️ Starting IDLE for dan@adlercapital.us
2025-12-03T21:20:55: ⏸️ Starting IDLE for dan@adlercapital.us
2025-12-03T21:21:00: ⏸️ Starting IDLE for dan@adlercapital.us
2025-12-03T21:21:05: ⏸️ Starting IDLE for dan@adlercapital.us
2025-12-03T21:21:10: ⏸️ Starting IDLE for dan@adlercapital.us
2025-12-03T21:21:15: ⏸️ Starting IDLE for dan@adlercapital.us
2025-12-03T21:21:20: ⏸️ Starting IDLE for dan@adlercapital.us
2025-12-03T21:21:25: ⏸️ Starting IDLE for dan@adlercapital.us
2025-12-03T21:21:30: ⏸️ Starting IDLE for dan@adlercapital.us
2025-12-03T21:21:35: ⏸️ Starting IDLE for dan@adlercapital.us
2025-12-03T21:21:40: ⏸️ Starting IDLE for dan@adlercapital.us
2025-12-03T21:21:45: ⏸️ Starting IDLE for dan@adlercapital.us
2025-12-03T21:21:50: ⏸️ Starting IDLE for dan@adlercapital.us
2025-12-03T21:21:55: ⏸️ Starting IDLE for dan@adlercapital.us
2025-12-03T21:22:00: ⏸️ Starting IDLE for dan@adlercapital.us
2025-12-03T21:22:05: ⏸️ Starting IDLE for dan@adlercapital.us
2025-12-03T21:22:10: ⏸️ Starting IDLE for dan@adlercapital.us
2025-12-03T21:22:15: ⏸️ Starting IDLE for dan@adlercapital.us
2025-12-03T21:22:20: ⏸️ Starting IDLE for dan@adlercapital.us
2025-12-03T21:22:25: ⏸️ Starting IDLE for dan@adlercapital.us
2025-12-03T21:22:30: ⏸️ Starting IDLE for dan@adlercapital.us
2025-12-03T21:22:35: ⏸️ Starting IDLE for dan@adlercapital.us
2025-12-03T21:22:40: ⏸️ Starting IDLE for dan@adlercapital.us
2025-12-03T21:22:45: ⏸️ Starting IDLE for dan@adlercapital.us
2025-12-03T21:22:50: ⏸️ Starting IDLE for dan@adlercapital.us
2025-12-03T21:22:55: ⏸️ Starting IDLE for dan@adlercapital.us
2025-12-03T21:23:00: ⏸️ Starting IDLE for dan@adlercapital.us
2025-12-03T21:23:05: ⏸️ Starting IDLE for dan@adlercapital.us
2025-12-03T21:23:10: ⏸️ Starting IDLE for dan@adlercapital.us
2025-12-03T21:23:15: ⏸️ Starting IDLE for dan@adlercapital.us
2025-12-03T21:23:20: ⏸️ Starting IDLE for dan@adlercapital.us
2025-12-03T21:23:25: ⏸️ Starting IDLE for dan@adlercapital.us
2025-12-03T21:23:30: ⏸️ Starting IDLE for dan@adlercapital.us
2025-12-03T21:23:37: ⏸️ Starting IDLE for dan@adlercapital.us
2025-12-03T21:23:55: ⏸️ Starting IDLE for dan@adlercapital.us
2025-12-03T21:24:05: ⏸️ Starting IDLE for dan@adlercapital.us
2025-12-03T21:24:16: ⏸️ Starting IDLE for dan@adlercapital.us
2025-12-03T21:27:20: ⏸️ Starting IDLE for dan@adlercapital.us
2025-12-03T21:27:20: ⏸️ Starting IDLE for dan@adlercapital.us
2025-12-03T21:27:22: 📴 Shutting down Email IDLE Worker...
